<?xml version="1.0" encoding="UTF-8"?>
<!-- Generated by org.testng.reporters.JUnitReportReporter -->
<testsuite hostname="LAPTOP-O9E931T1" failures="0" tests="1" name="com.comcast.contact.ContactTest" time="0.001" errors="0" timestamp="23 Sep 2021 07:23:12 GMT">
  <testcase classname="com.comcast.contact.ContactTest" name="createContactTest" time="0.001"/>
</testsuite> <!-- com.comcast.contact.ContactTest -->
